{"level":"info","message":"POST /user/register 404 - 19ms"}
{"level":"info","message":"POST /api/user/register 404 - 2ms"}
{"level":"info","message":"POST /api/users/register 404 - 19ms"}

{"level":"info","message":"POST /api/users/register 404 - 19ms"}
{"level":"info","message":"POST /api/users/register 400 - 87ms"}
{"level":"info","message":"POST /api/users/register 201 - 1308ms"}
{"level":"info","message":"POST /api/users/register 400 - 590ms"}
{"level":"info","message":"POST /api/users/register 400 - 587ms"}
{"level":"info","message":"POST /api/users/login 200 - 695ms"}
{"level":"info","message":"POST /api/users/login 200 - 653ms"}
{"level":"info","message":"POST /api/users/login 200 - 671ms"}
{"level":"info","message":"POST /api/users/login 200 - 575ms"}
{"level":"info","message":"POST /api/users/login 200 - 638ms"}
{"level":"info","message":"POST /api/users/login 500 - 672ms"}
{"level":"info","message":"POST /api/users/login 200 - 588ms"}
{"level":"info","message":"POST /api/users/login 200 - 662ms"}
{"level":"info","message":"POST /api/users/login 200 - 561ms"}
{"level":"info","message":"GET /api/users/createProfile 404 - 6ms"}
{"level":"info","message":"POST /api/users/createProfile 401 - 2ms"}
{"level":"info","message":"POST /api/users/login 200 - 6181ms"}
{"level":"info","message":"POST /api/users/createProfile 401 - 1ms"}
{"level":"info","message":"POST /api/users/createProfile 400 - 4891ms"}
{"level":"info","message":"POST /api/users/login 200 - 942ms"}
{"level":"info","message":"POST /api/users/createProfile 500 - 1646ms"}
{"level":"info","message":"POST /api/users/createProfile 500 - 1397ms"}
{"level":"info","message":"POST /api/users/register 500 - 32ms"}
{"level":"info","message":"POST /api/users/register 500 - 4ms"}
{"level":"info","message":"POST /api/users/register 201 - 111ms"}
{"level":"info","message":"POST /api/users/register 201 - 111ms"}
{"level":"info","message":"POST /api/users/login 200 - 80ms"}
{"level":"info","message":"POST /api/users/createProfile 400 - 7ms"}
{"level":"info","message":"POST /api/users/createProfile 500 - 8ms"}
{"level":"info","message":"POST /api/users/createProfile 500 - 8ms"}
{"level":"info","message":"POST /api/users/createProfile 500 - 49ms"}
{"level":"info","message":"POST /api/users/createProfile 500 - 40ms"}
{"level":"info","message":"POST /api/users/createProfile 500 - 32ms"}
{"level":"info","message":"POST /api/users/createProfile 500 - 41ms"}
{"level":"info","message":"POST /api/users/createProfile 500 - 41ms"}
{"level":"info","message":"POST /api/users/createProfile 500 - 43ms"}
{"level":"info","message":"POST /api/users/createProfile 500 - 45ms"}
{"level":"info","message":"POST /api/users/createProfile 500 - 43ms"}
{"level":"info","message":"POST /api/users/createProfile 500 - 46ms"}
{"level":"info","message":"POST /api/users/createProfile 200 - 46ms"}
{"level":"info","message":"POST /api/users/createProfile 200 - 61ms"}
{"level":"info","message":"POST /api/users/createProfile 200 - 16ms"}
{"level":"info","message":"POST /api/users/createProfile 200 - 56ms"}
{"level":"info","message":"POST /api/users/createProfile 400 - 8ms"}
{"level":"info","message":"POST /api/users/createProfile 200 - 60ms"}
{"level":"info","message":"POST /api/users/createProfile 400 - 10ms"}
{"level":"info","message":"PATCH /api/users/updateProfile/65ec82f3142aed8840e84c41 404 - 17ms"}
{"level":"info","message":"PATCH /api/users/updateProfile/65ec82f3142aed8840e84c41 404 - 33ms"}
{"level":"info","message":"PATCH /api/users/updateProfile/65ec8930f417e4a53d7467e5 200 - 47ms"}
{"level":"info","message":"DELETE /api/users/deleteProfile/65ec8930f417e4a53d7467e5 200 - 11ms"}
{"level":"info","message":"PATCH /api/users/updateProfile/65ec8930f417e4a53d7467e5 404 - 6ms"}
{"level":"info","message":"DELETE /api/users/deleteProfile/65ec8930f417e4a53d7467e5 404 - 9ms"}
{"level":"info","message":"POST /api/users/createProfile 200 - 23ms"}
{"level":"info","message":"PATCH /api/users/updateProfile/65ec8930f417e4a53d7467e5 404 - 6ms"}
{"level":"info","message":"PATCH /api/users/updateProfile/65ec933c9c2fdadd545e2230 200 - 8ms"}
{"level":"info","message":"DELETE /api/users/deleteProfile/65ec933c9c2fdadd545e2230 200 - 8ms"}
{"level":"info","message":"GET /api/users/getProfile 404 - 6ms"}
{"level":"info","message":"GET /api/users/profile 404 - 21ms"}
{"level":"info","message":"POST /api/users/createProfile 200 - 39ms"}
{"level":"info","message":"GET /api/users/profile 200 - 9ms"}
{"level":"info","message":"POST /api/users/register 400 - 182ms"}
{"level":"info","message":"POST /api/users/register 400 - 30ms"}
{"level":"info","message":"POST /api/users/register 400 - 28ms"}
{"level":"info","message":"POST /api/users/register 400 - 25ms"}
{"level":"info","message":"POST /api/users/register 500 - 414ms"}
{"level":"info","message":"POST /api/users/register 500 - 286ms"}
{"level":"info","message":"POST /api/users/register 500 - 422ms"}
{"level":"info","message":"POST /api/users/register 500 - 287ms"}
{"level":"info","message":"POST /api/users/register 400 - 288ms"}
{"level":"info","message":"POST /api/users/register 400 - 263ms"}
{"level":"info","message":"POST /api/users/register 201 - 820ms"}
{"level":"info","message":"POST /api/users/register 201 - 832ms"}
{"level":"info","message":"POST /api/users/register 201 - 757ms"}
{"level":"info","message":"POST /api/users/register 201 - 1122ms"}
{"level":"info","message":"POST /api/users/register 400 - 947ms"}
{"level":"info","message":"POST /api/users/register 201 - 916ms"}
{"level":"info","message":"POST /api/users/register 201 - 761ms"}
{"level":"info","message":"POST /api/users/register 201 - 1171ms"}
{"level":"info","message":"POST /api/users/register 201 - 949ms"}
{"level":"info","message":"POST /api/users/register 201 - 836ms"}
{"level":"info","message":"POST /api/users/register 400 - 631ms"}
{"level":"info","message":"POST /api/users/register 201 - 704ms"}
{"level":"info","message":"POST /api/users/register 201 - 795ms"}
{"level":"info","message":"POST /api/users/register 201 - 817ms"}
{"level":"info","message":"POST /api/users/register 201 - 847ms"}
{"level":"info","message":"POST /api/users/register 201 - 1005ms"}
{"level":"info","message":"POST /api/users/register 201 - 2811ms"}
{"level":"info","message":"POST /api/users/register 400 - 680ms"}
{"level":"info","message":"POST /api/users/register 201 - 539ms"}
{"level":"info","message":"POST /api/users/register 201 - 747ms"}
{"level":"info","message":"POST /api/users/register 400 - 724ms"}
{"level":"info","message":"POST /api/users/register 201 - 616ms"}
{"level":"info","message":"POST /api/users/register 201 - 781ms"}
{"level":"info","message":"POST /api/users/register 400 - 1706ms"}
{"level":"info","message":"POST /api/users/register 400 - 583ms"}
{"level":"info","message":"POST /api/users/login 400 - 873ms"}
{"level":"info","message":"POST /api/users/login 200 - 776ms"}
{"level":"info","message":"POST /api/users/createProfile 200 - 973ms"}
{"level":"info","message":"POST /api/users/register 201 - 1082ms"}
{"level":"info","message":"POST /api/users/login 200 - 781ms"}
{"level":"info","message":"POST /api/users/createProfile 200 - 825ms"}
{"level":"info","message":"POST /api/users/register 201 - 811ms"}
{"level":"info","message":"POST /api/users/login 200 - 1728ms"}
{"level":"info","message":"POST /api/users/createProfile 200 - 928ms"}
{"level":"info","message":"POST /api/users/createProfile 400 - 741ms"}
{"level":"info","message":"POST /api/users/createProfile 200 - 826ms"}
{"level":"info","message":"POST /api/users/register 201 - 811ms"}
{"level":"info","message":"POST /api/users/login 200 - 823ms"}
{"level":"info","message":"POST /api/users/createProfile 200 - 803ms"}
{"level":"info","message":"POST /api/users/createProfile 400 - 1003ms"}
{"level":"info","message":"POST /api/users/register 201 - 623ms"}
{"level":"info","message":"POST /api/users/login 200 - 626ms"}
{"level":"info","message":"POST /api/users/createProfile 200 - 728ms"}
{"level":"info","message":"PATCH /api/users/updateProfile/65ec933c9c2fdadd545e2230 404 - 791ms"}
{"level":"info","message":"PATCH /api/users/updateProfile/65edac95a07971cdc56aed6e 200 - 769ms"}
{"level":"info","message":"PATCH /api/users/updateProfile/65edac95a07971cdc56aed6e 200 - 1760ms"}
{"level":"info","message":"PATCH /api/users/updateProfile/65edac95a07971cdc56aed6e 200 - 920ms"}
{"level":"info","message":"PATCH /api/users/updateProfile/65edac95a07971cdc56aed6e 200 - 884ms"}
{"level":"info","message":"PATCH /api/users/updateProfile/65edac95a07971cdc56aed6e 200 - 664ms"}
{"level":"info","message":"PATCH /api/users/updateProfile/65edac95a07971cdc56aed6e 200 - 891ms"}
{"level":"info","message":"PATCH /api/users/updateProfile/65edac95a07971cdc56aed6e 200 - 748ms"}
{"level":"info","message":"PATCH /api/users/updateProfile/65edac95a07971cdc56aed6e 200 - 698ms"}
{"level":"info","message":"PATCH /api/users/updateProfile/65edac95a07971cdc56aed6e 200 - 759ms"}
{"level":"info","message":"DELETE /api/users/deleteProfile/65ec933c9c2fdadd545e2230 404 - 723ms"}
{"level":"info","message":"DELETE /api/users/deleteProfile/65edac95a07971cdc56aed6e 200 - 681ms"}
{"level":"info","message":"DELETE /api/users/deleteProfile/65edac95a07971cdc56aed6e 404 - 733ms"}
{"level":"info","message":"POST /api/users/createProfile 200 - 886ms"}
{"level":"info","message":"DELETE /api/users/deleteProfile/65edb15ea49ea6c147cd3fb8 200 - 663ms"}
{"level":"info","message":"POST /api/users/createProfile 200 - 900ms"}
{"level":"info","message":"DELETE /api/users/deleteProfile/65edb1cfaf091b9cc80e58b1 200 - 936ms"}
{"level":"info","message":"DELETE /api/users/deleteProfile/65edb1cfaf091b9cc80e58b1 404 - 644ms"}
{"level":"info","message":"POST /api/users/createProfile 200 - 1785ms"}
{"level":"info","message":"DELETE /api/users/deleteProfile/65edb4d932bb356b3f7f8300 200 - 757ms"}
{"level":"info","message":"POST /api/users/createProfile 200 - 859ms"}
{"level":"info","message":"POST /api/users/createProfile 200 - 800ms"}
